   Compiling libc v0.2.178
   Compiling proc-macro2 v1.0.104
   Compiling unicode-ident v1.0.22
   Compiling quote v1.0.42
    Checking cfg-if v1.0.4
   Compiling parking_lot_core v0.9.12
    Checking memchr v2.7.6
    Checking scopeguard v1.2.0
    Checking smallvec v1.15.1
    Checking lock_api v0.4.14
    Checking bitflags v2.10.0
   Compiling rustix v1.1.3
   Compiling autocfg v1.5.0
    Checking pin-project-lite v0.2.16
    Checking regex-syntax v0.8.8
    Checking aho-corasick v1.1.4
   Compiling serde_core v1.0.228
   Compiling num-traits v0.2.19
   Compiling syn v2.0.111
    Checking linux-raw-sys v0.11.0
    Checking bytes v1.11.0
   Compiling zmij v1.0.2
   Compiling cfg_aliases v0.2.1
   Compiling nix v0.29.0
    Checking errno v0.3.14
    Checking parking_lot v0.12.5
    Checking signal-hook-registry v1.4.8
    Checking regex-automata v0.4.13
    Checking socket2 v0.6.1
    Checking mio v1.1.1
   Compiling serde v1.0.228
   Compiling serde_json v1.0.148
   Compiling thiserror v2.0.17
    Checking itoa v1.0.17
    Checking either v1.15.0
    Checking predicates-core v1.0.9
    Checking iana-time-zone v0.1.64
   Compiling getrandom v0.3.4
    Checking futures-core v0.3.31
    Checking env_home v0.1.0
    Checking once_cell v1.21.3
    Checking chrono v0.4.42
    Checking which v7.0.3
    Checking filetime v0.2.26
    Checking difflib v0.4.0
    Checking glob v0.3.3
    Checking termtree v0.5.1
    Checking anstyle v1.0.13
   Compiling assert_cmd v2.1.1
    Checking predicates v3.1.3
    Checking predicates-tree v1.0.12
    Checking wait-timeout v0.2.1
    Checking regex v1.12.2
    Checking bstr v1.12.1
    Checking fastrand v2.3.0
    Checking tempfile v3.24.0
   Compiling tokio-macros v2.6.0
   Compiling serde_derive v1.0.228
   Compiling thiserror-impl v2.0.17
   Compiling async-stream-impl v0.3.6
   Compiling async-trait v0.1.89
    Checking async-stream v0.3.6
    Checking tokio v1.48.0
    Checking tokio-stream v0.1.17
    Checking command-stream v0.9.5 (/tmp/gh-issue-solver-1780922968363/rust)
warning: unused import: `std::path::Path`
  --> src/commands/mod.rs:53:5
   |
53 | use std::path::Path;
   |     ^^^^^^^^^^^^^^^
   |
   = note: `#[warn(unused_imports)]` (part of `#[warn(unused)]`) on by default

    Checking tokio-test v0.4.4
warning: unused variable: `e`
  --> src/commands/touch.rs:33:24
   |
33 |             if let Err(e) =
   |                        ^ help: if this is intentional, prefix it with an underscore: `_e`
   |
   = note: `#[warn(unused_variables)]` (part of `#[warn(unused)]`) on by default

warning: unused variable: `file_type`
   --> src/commands/ls.rs:124:9
    |
124 |     let file_type = if metadata.is_dir() { "d" } else { "-" };
    |         ^^^^^^^^^ help: if this is intentional, prefix it with an underscore: `_file_type`

warning: field `output_rx` is never read
   --> src/lib.rs:184:5
    |
175 | pub struct ProcessRunner {
    |            ------------- field in this struct
...
184 |     output_rx: Option<mpsc::Receiver<StreamChunk>>,
    |     ^^^^^^^^^
    |
    = note: `#[warn(dead_code)]` (part of `#[warn(unused)]`) on by default

warning: method `add` can be confused for the standard trait method `std::ops::Add::add`
  --> src/pipeline.rs:75:5
   |
75 | /     pub fn add(mut self, command: impl Into<String>) -> Self {
76 | |         self.commands.push(command.into());
77 | |         self
78 | |     }
   | |_____^
   |
   = help: consider implementing the trait `std::ops::Add` or choosing a less ambiguous method name
   = help: for further information visit https://rust-lang.github.io/rust-clippy/rust-1.96.0/index.html#should_implement_trait
   = note: `#[warn(clippy::should_implement_trait)]` on by default

warning: manual implementation of `Option::map`
   --> src/stream.rs:238:25
    |
238 |       let stdout_handle = if let Some(stdout) = stdout {
    |  _________________________^
239 | |         Some(tokio::spawn(async move {
240 | |             let mut reader = BufReader::new(stdout);
241 | |             let mut buf = vec![0u8; 8192];
...   |
260 | |         None
261 | |     };
    | |_____^
    |
    = help: for further information visit https://rust-lang.github.io/rust-clippy/rust-1.96.0/index.html#manual_map
    = note: `#[warn(clippy::manual_map)]` on by default
help: try
    |
238 ~     let stdout_handle = stdout.map(|stdout| tokio::spawn(async move {
239 +             let mut reader = BufReader::new(stdout);
240 +             let mut buf = vec![0u8; 8192];
241 +             loop {
242 +                 use tokio::io::AsyncReadExt;
243 +                 match reader.read(&mut buf).await {
244 +                     Ok(0) => break,
245 +                     Ok(n) => {
246 +                         if tx_stdout
247 +                             .send(OutputChunk::Stdout(buf[..n].to_vec()))
248 +                             .await
249 +                             .is_err()
250 +                         {
251 +                             break;
252 +                         }
253 +                     }
254 +                     Err(_) => break,
255 +                 }
256 +             }
257 ~         }));
    |

warning: manual implementation of `Option::map`
   --> src/stream.rs:266:25
    |
266 |       let stderr_handle = if let Some(stderr) = stderr {
    |  _________________________^
267 | |         Some(tokio::spawn(async move {
268 | |             let mut reader = BufReader::new(stderr);
269 | |             let mut buf = vec![0u8; 8192];
...   |
288 | |         None
289 | |     };
    | |_____^
    |
    = help: for further information visit https://rust-lang.github.io/rust-clippy/rust-1.96.0/index.html#manual_map
help: try
    |
266 ~     let stderr_handle = stderr.map(|stderr| tokio::spawn(async move {
267 +             let mut reader = BufReader::new(stderr);
268 +             let mut buf = vec![0u8; 8192];
269 +             loop {
270 +                 use tokio::io::AsyncReadExt;
271 +                 match reader.read(&mut buf).await {
272 +                     Ok(0) => break,
273 +                     Ok(n) => {
274 +                         if tx_stderr
275 +                             .send(OutputChunk::Stderr(buf[..n].to_vec()))
276 +                             .await
277 +                             .is_err()
278 +                         {
279 +                             break;
280 +                         }
281 +                     }
282 +                     Err(_) => break,
283 +                 }
284 +             }
285 ~         }));
    |

warning: unnecessary `if let` since only the `Ok` variant of the iterator element is used
  --> src/commands/ls.rs:70:21
   |
70 | /                     for entry in entries {
71 | |                         if let Ok(entry) = entry {
72 | |                             let name = entry.file_name().to_string_lossy().to_string();
...  |
85 | |                     }
   | |_____________________^
   |
help: try `.flatten()` and remove the `if let` statement in the for loop
  --> src/commands/ls.rs:71:25
   |
71 | /                         if let Ok(entry) = entry {
72 | |                             let name = entry.file_name().to_string_lossy().to_string();
...  |
84 | |                         }
   | |_________________________^
   = help: for further information visit https://rust-lang.github.io/rust-clippy/rust-1.96.0/index.html#manual_flatten
   = note: `#[warn(clippy::manual_flatten)]` on by default
help: try
   |
70 ~                     for entry in entries.flatten() {
71 +                         let name = entry.file_name().to_string_lossy().to_string();
72 +
73 +                         // Skip hidden files unless -a is specified
74 +                         if !show_all && name.starts_with('.') {
75 +                             continue;
76 +                         }
77 +
78 +                         if long_format {
79 +                             entry_strs.push(format_entry(&entry.path(), true));
80 +                         } else {
81 +                             entry_strs.push(name);
82 +                         }
83 +                     }
   |

warning: useless use of `format!`
  --> src/commands/sleep.rs:50:17
   |
50 |                 format!("sleep: cancelled after partial sleep")
   |                 ^^^^^^^^^^^^^^^^^^^^^^^^^^^^^^^^^^^^^^^^^^^^^^^ help: consider using `.to_string()`: `"sleep: cancelled after partial sleep".to_string()`
   |
   = help: for further information visit https://rust-lang.github.io/rust-clippy/rust-1.96.0/index.html#useless_format
   = note: `#[warn(clippy::useless_format)]` on by default

warning: this can be `std::io::Error::other(_)`
   --> src/lib.rs:292:23
    |
292 |               Error::Io(std::io::Error::new(
    |  _______________________^
293 | |                 std::io::ErrorKind::Other,
294 | |                 "Process not started",
295 | |             ))
    | |_____________^
    |
    = help: for further information visit https://rust-lang.github.io/rust-clippy/rust-1.96.0/index.html#io_other_error
    = note: `#[warn(clippy::io_other_error)]` on by default
help: use `std::io::Error::other`
    |
292 ~             Error::Io(std::io::Error::other(
293 ~                 "Process not started",
    |

warning: `command-stream` (lib) generated 10 warnings (run `cargo clippy --fix --lib -p command-stream -- ` to apply 7 suggestions)
warning: unused imports: `ProcessRunner` and `RunOptions`
 --> src/main.rs:5:27
  |
5 | use command_stream::{run, ProcessRunner, RunOptions};
  |                           ^^^^^^^^^^^^^  ^^^^^^^^^^
  |
  = note: `#[warn(unused_imports)]` (part of `#[warn(unused)]`) on by default

warning: unused imports: `PipelineExt`, `ProcessRunner`, and `RunOptions`
 --> tests/pipeline.rs:3:32
  |
3 | use command_stream::{Pipeline, PipelineExt, ProcessRunner, RunOptions};
  |                                ^^^^^^^^^^^  ^^^^^^^^^^^^^  ^^^^^^^^^^
  |
  = note: `#[warn(unused_imports)]` (part of `#[warn(unused)]`) on by default

warning: `command-stream` (bin "command-stream" test) generated 1 warning (run `cargo clippy --fix --bin "command-stream" -p command-stream --tests -- ` to apply 1 suggestion)
warning: `command-stream` (test "pipeline") generated 1 warning (run `cargo clippy --fix --test "pipeline" -p command-stream -- ` to apply 1 suggestion)
warning: unused import: `cd`
 --> tests/builtin_commands.rs:6:20
  |
6 |     basename, cat, cd, cp, dirname, echo, env, exit, ls, mkdir, mv, pwd, rm, seq, sleep, test,
  |                    ^^
  |
  = note: `#[warn(unused_imports)]` (part of `#[warn(unused)]`) on by default

warning: unused import: `command_stream::utils::CommandResult`
 --> tests/builtin_commands.rs:9:5
  |
9 | use command_stream::utils::CommandResult;
  |     ^^^^^^^^^^^^^^^^^^^^^^^^^^^^^^^^^^^^

warning: unused import: `std::path::PathBuf`
 --> tests/process_runner.rs:7:5
  |
7 | use std::path::PathBuf;
  |     ^^^^^^^^^^^^^^^^^^
  |
  = note: `#[warn(unused_imports)]` (part of `#[warn(unused)]`) on by default

warning: `command-stream` (bin "command-stream") generated 1 warning (1 duplicate)
warning: unused import: `AsyncIterator`
 --> tests/stream.rs:3:22
  |
3 | use command_stream::{AsyncIterator, OutputChunk, StreamingRunner};
  |                      ^^^^^^^^^^^^^
  |
  = note: `#[warn(unused_imports)]` (part of `#[warn(unused)]`) on by default

warning: `command-stream` (test "process_runner") generated 1 warning (run `cargo clippy --fix --test "process_runner" -p command-stream -- ` to apply 1 suggestion)
warning: `command-stream` (test "stream") generated 1 warning
warning: function `ctx_with_cwd` is never used
  --> tests/builtin_commands.rs:27:4
   |
27 | fn ctx_with_cwd(args: Vec<&str>, cwd: PathBuf) -> CommandContext {
   |    ^^^^^^^^^^^^
   |
   = note: `#[warn(dead_code)]` (part of `#[warn(unused)]`) on by default

warning: `command-stream` (test "builtin_commands") generated 3 warnings (run `cargo clippy --fix --test "builtin_commands" -p command-stream -- ` to apply 2 suggestions)
warning: `command-stream` (lib test) generated 10 warnings (10 duplicates)
    Finished `dev` profile [unoptimized + debuginfo] target(s) in 8.20s
