   Packaging command-stream v0.9.5 (/tmp/gh-issue-solver-1780922968363/rust)
    Updating crates.io index
    Packaged 70 files, 414.6KiB (87.2KiB compressed)
   Verifying command-stream v0.9.5 (/tmp/gh-issue-solver-1780922968363/rust)
   Compiling rustix v1.1.3
   Compiling regex-automata v0.4.13
   Compiling tokio v1.48.0
   Compiling which v7.0.3
   Compiling regex v1.12.2
   Compiling command-stream v0.9.5 (/tmp/gh-issue-solver-1780922968363/rust/target/package/command-stream-0.9.5)
warning: unused import: `std::path::Path`
  --> src/commands/mod.rs:53:5
   |
53 | use std::path::Path;
   |     ^^^^^^^^^^^^^^^
   |
   = note: `#[warn(unused_imports)]` (part of `#[warn(unused)]`) on by default

warning: unused variable: `e`
  --> src/commands/touch.rs:33:24
   |
33 |             if let Err(e) =
   |                        ^ help: if this is intentional, prefix it with an underscore: `_e`
   |
   = note: `#[warn(unused_variables)]` (part of `#[warn(unused)]`) on by default

warning: unused variable: `file_type`
   --> src/commands/ls.rs:124:9
    |
124 |     let file_type = if metadata.is_dir() { "d" } else { "-" };
    |         ^^^^^^^^^ help: if this is intentional, prefix it with an underscore: `_file_type`

warning: field `output_rx` is never read
   --> src/lib.rs:184:5
    |
175 | pub struct ProcessRunner {
    |            ------------- field in this struct
...
184 |     output_rx: Option<mpsc::Receiver<StreamChunk>>,
    |     ^^^^^^^^^
    |
    = note: `#[warn(dead_code)]` (part of `#[warn(unused)]`) on by default

warning: `command-stream` (lib) generated 4 warnings (run `cargo fix --lib -p command-stream` to apply 3 suggestions)
warning: unused imports: `ProcessRunner` and `RunOptions`
 --> src/main.rs:5:27
  |
5 | use command_stream::{run, ProcessRunner, RunOptions};
  |                           ^^^^^^^^^^^^^  ^^^^^^^^^^
  |
  = note: `#[warn(unused_imports)]` (part of `#[warn(unused)]`) on by default

warning: `command-stream` (bin "command-stream") generated 1 warning (run `cargo fix --bin "command-stream" -p command-stream` to apply 1 suggestion)
    Finished `dev` profile [unoptimized + debuginfo] target(s) in 5.38s
